<?xml version="1.0" encoding="UTF-8"?>
<!-- Generated by org.testng.reporters.JUnitXMLReporter -->
<testsuite ignored="0" hostname="MININT-EDWINH" failures="1" tests="1" name="Test3" time="0.024" errors="0" timestamp="2021-06-22T13:13:22 CDT">
  <testcase classname="Package.CalculatorTests" name="MultiplyTest_MultipleSetOfNumbersXML_ValidCase" time="0.005">
    <failure type="java.lang.AssertionError" message="Actual and Expected do not match expected [5] but found [16]">
      <![CDATA[java.lang.AssertionError: Actual and Expected do not match expected [5] but found [16]
at Package.CalculatorTests.MultiplyTest_MultipleSetOfNumbersXML_ValidCase(CalculatorTests.java:26)
at java.base/java.util.ArrayList.forEach(ArrayList.java:1511)
... Removed 32 stack frames]]>
    </failure>
  </testcase> <!-- MultiplyTest_MultipleSetOfNumbersXML_ValidCase -->
</testsuite> <!-- Test3 -->
